<?xml version="1.0" encoding="UTF-8"?>
<testng-results ignored="0" total="1" passed="1" failed="0" skipped="0">
  <reporter-output>
  </reporter-output>
  <suite started-at="2026-01-30T07:15:54 UTC" name="Default suite" finished-at="2026-01-30T07:16:49 UTC" duration-ms="55438">
    <groups>
    </groups>
    <test started-at="2026-01-30T07:15:54 UTC" name="Default test" finished-at="2026-01-30T07:16:49 UTC" duration-ms="55438">
      <class name="tests.LoginTest">
        <test-method is-config="true" signature="setUp()[pri:0, instance:tests.LoginTest@74f0ea28]" started-at="2026-01-30T07:15:54 UTC" name="setUp" finished-at="2026-01-30T07:15:58 UTC" duration-ms="4084" status="PASS">
          <reporter-output>
          </reporter-output>
        </test-method> <!-- setUp -->
        <test-method signature="loginSearchFirstBookBuyNowAddressReviewPayment()[pri:0, instance:tests.LoginTest@74f0ea28]" started-at="2026-01-30T07:15:58 UTC" name="loginSearchFirstBookBuyNowAddressReviewPayment" finished-at="2026-01-30T07:16:48 UTC" duration-ms="50569" status="PASS">
          <reporter-output>
          </reporter-output>
        </test-method> <!-- loginSearchFirstBookBuyNowAddressReviewPayment -->
        <test-method is-config="true" signature="tearDown()[pri:0, instance:tests.LoginTest@74f0ea28]" started-at="2026-01-30T07:16:48 UTC" name="tearDown" finished-at="2026-01-30T07:16:49 UTC" duration-ms="706" status="PASS">
          <reporter-output>
          </reporter-output>
        </test-method> <!-- tearDown -->
      </class> <!-- tests.LoginTest -->
    </test> <!-- Default test -->
  </suite> <!-- Default suite -->
</testng-results>
